<?xml version="1.0" encoding="UTF-8"?>
<testng-results skipped="0" failed="0" ignored="3" total="5" passed="2">
  <reporter-output>
  </reporter-output>
  <suite name="Default suite" duration-ms="67" started-at="2017-03-10T13:57:36Z" finished-at="2017-03-10T13:57:36Z">
    <groups>
    </groups>
    <test name="Default test" duration-ms="67" started-at="2017-03-10T13:57:36Z" finished-at="2017-03-10T13:57:36Z">
      <class name="NEFHAM.NEFHAM.RegistrationTest">
        <test-method status="PASS" signature="createTeacherAccount(boolean, java.lang.String, java.lang.String, java.lang.String, int, char)[pri:0, instance:NEFHAM.NEFHAM.RegistrationTest@6a2bcfcb]" name="createTeacherAccount" duration-ms="30" started-at="2017-03-10T15:57:36Z" data-provider="createTeacherAccountData" finished-at="2017-03-10T15:57:36Z">
          <params>
            <param index="0">
              <value>
                <![CDATA[true]]>
              </value>
            </param>
            <param index="1">
              <value>
                <![CDATA[Omar]]>
              </value>
            </param>
            <param index="2">
              <value>
                <![CDATA[morata@gmail.com]]>
              </value>
            </param>
            <param index="3">
              <value>
                <![CDATA[124456]]>
              </value>
            </param>
            <param index="4">
              <value>
                <![CDATA[20]]>
              </value>
            </param>
            <param index="5">
              <value>
                <![CDATA[m]]>
              </value>
            </param>
          </params>
          <reporter-output>
          </reporter-output>
        </test-method> <!-- createTeacherAccount -->
        <test-method status="PASS" signature="createTeacherAccount(boolean, java.lang.String, java.lang.String, java.lang.String, int, char)[pri:0, instance:NEFHAM.NEFHAM.RegistrationTest@6a2bcfcb]" name="createTeacherAccount" duration-ms="5" started-at="2017-03-10T15:57:36Z" data-provider="createTeacherAccountData" finished-at="2017-03-10T15:57:36Z">
          <params>
            <param index="0">
              <value>
                <![CDATA[false]]>
              </value>
            </param>
            <param index="1">
              <value>
                <![CDATA[yousef]]>
              </value>
            </param>
            <param index="2">
              <value>
                <![CDATA[jo@gamil.com]]>
              </value>
            </param>
            <param index="3">
              <value>
                <![CDATA[1233]]>
              </value>
            </param>
            <param index="4">
              <value>
                <![CDATA[5]]>
              </value>
            </param>
            <param index="5">
              <value>
                <![CDATA[m]]>
              </value>
            </param>
          </params>
          <reporter-output>
          </reporter-output>
        </test-method> <!-- createTeacherAccount -->
      </class> <!-- NEFHAM.NEFHAM.RegistrationTest -->
    </test> <!-- Default test -->
  </suite> <!-- Default suite -->
</testng-results>
