<?xml version="1.0" encoding="UTF-8"?>
<!-- Generated by org.testng.reporters.JUnitXMLReporter -->
<testsuite hostname="cando" ignored="3" name="Default test" tests="2" failures="0" timestamp="10 Mar 2017 13:57:36 GMT" time="0.067" errors="0">
  <testcase name="createTeacherAccount" time="0.03" classname="NEFHAM.NEFHAM.RegistrationTest"/>
  <testcase name="createTeacherAccount" time="0.005" classname="NEFHAM.NEFHAM.RegistrationTest"/>
  <testcase name="createStudentAccount" time="0.0" classname="NEFHAM.NEFHAM.RegistrationTest">
    <ignored/>
  </testcase> <!-- createStudentAccount -->
  <testcase name="loginAsStudent" time="0.0" classname="NEFHAM.NEFHAM.RegistrationTest">
    <ignored/>
  </testcase> <!-- loginAsStudent -->
  <testcase name="loginAsTeacher" time="0.0" classname="NEFHAM.NEFHAM.RegistrationTest">
    <ignored/>
  </testcase> <!-- loginAsTeacher -->
</testsuite> <!-- Default test -->
